<?xml version="1.0" encoding="UTF-8"?>
<!-- Generated by org.testng.reporters.JUnitReportReporter -->
<testsuite hostname="LAPTOP-5KMFOFH9" failures="0" tests="1" name="com.APIScenarios.Cookies_HeaderValidation" time="2.523" errors="0" timestamp="2025-02-04T20:44:55 IST" skipped="0">
  <testcase classname="com.APIScenarios.Cookies_HeaderValidation" name="headerValidation" time="2.523"/>
  <system-out/>
</testsuite> <!-- com.APIScenarios.Cookies_HeaderValidation -->
