<?xml version="1.0" encoding="UTF-8"?>
<!-- Generated by org.testng.reporters.JUnitReportReporter -->
<testsuite hostname="LAPTOP-5KMFOFH9" failures="0" tests="1" name="com.APITest.APIRequestUSingBDD" time="3.335" errors="0" timestamp="2025-01-31T21:03:21 IST" skipped="0">
  <testcase classname="com.APITest.APIRequestUSingBDD" name="listOfUsersGET" time="3.335"/>
  <system-out/>
</testsuite> <!-- com.APITest.APIRequestUSingBDD -->
