<?xml version="1.0" encoding="UTF-8"?>
<!-- Generated by org.testng.reporters.JUnitReportReporter -->
<testsuite hostname="LAPTOP-5KMFOFH9" failures="0" tests="1" name="com.APITest.JsonValidationTest" time="3.209" errors="0" timestamp="2025-01-30T22:24:28 IST" skipped="0">
  <testcase classname="com.APITest.JsonValidationTest" name="testSingleGetRequest" time="3.209"/>
  <system-out/>
</testsuite> <!-- com.APITest.JsonValidationTest -->
