<?xml version="1.0" encoding="UTF-8"?>
<!-- Generated by org.testng.reporters.JUnitReportReporter -->
<testsuite hostname="LAPTOP-5KMFOFH9" failures="0" tests="4" name="com.APIScenarios.APIChainingForHotelAPI" time="7.647" errors="0" timestamp="2025-02-04T18:13:20 IST" skipped="0">
  <testcase classname="com.APIScenarios.APIChainingForHotelAPI" name="createBooking" time="3.865"/>
  <system-out/>
  <testcase classname="com.APIScenarios.APIChainingForHotelAPI" name="getBookingDetails" time="1.244"/>
  <system-out/>
  <testcase classname="com.APIScenarios.APIChainingForHotelAPI" name="createToken" time="1.284"/>
  <system-out/>
  <testcase classname="com.APIScenarios.APIChainingForHotelAPI" name="fullBookingUpdate" time="1.254"/>
  <system-out/>
</testsuite> <!-- com.APIScenarios.APIChainingForHotelAPI -->
