<?xml version="1.0" encoding="UTF-8"?>
<!-- Generated by org.testng.reporters.JUnitReportReporter -->
<testsuite hostname="LAPTOP-5KMFOFH9" failures="0" tests="1" name="com.APITest.FirstAPITest_NonBDD" time="2.395" errors="0" timestamp="2025-01-30T22:12:05 IST" skipped="0">
  <testcase classname="com.APITest.FirstAPITest_NonBDD" name="testSingleUserGetRequest" time="2.395"/>
  <system-out/>
</testsuite> <!-- com.APITest.FirstAPITest_NonBDD -->
