<?xml version="1.0" encoding="UTF-8"?>
<!-- Generated by org.testng.reporters.JUnitReportReporter -->
<testsuite hostname="LAPTOP-5KMFOFH9" failures="0" tests="4" name="com.APIScenarios.APIChainingForHotelAPI" time="7.948" errors="0" timestamp="2025-01-31T22:26:45 IST" skipped="0">
  <testcase classname="com.APIScenarios.APIChainingForHotelAPI" name="createBooking" time="4.455"/>
  <system-out/>
  <testcase classname="com.APIScenarios.APIChainingForHotelAPI" name="getBookingDetails" time="1.107"/>
  <system-out/>
  <testcase classname="com.APIScenarios.APIChainingForHotelAPI" name="createToken" time="1.114"/>
  <system-out/>
  <testcase classname="com.APIScenarios.APIChainingForHotelAPI" name="fullBookingUpdate" time="1.272"/>
  <system-out/>
</testsuite> <!-- com.APIScenarios.APIChainingForHotelAPI -->
