<?xml version="1.0" encoding="UTF-8"?>
<!-- Generated by org.testng.reporters.JUnitReportReporter -->
<testsuite hostname="LAPTOP-5KMFOFH9" failures="0" tests="1" name="com.APIScenarios.Assignment2" time="3.846" errors="0" timestamp="2025-02-04T20:16:43 IST" skipped="0">
  <testcase classname="com.APIScenarios.Assignment2" name="f" time="3.846"/>
  <system-out/>
</testsuite> <!-- com.APIScenarios.Assignment2 -->
