<?xml version="1.0" encoding="UTF-8"?>
<!-- Generated by org.testng.reporters.JUnitReportReporter -->
<testsuite hostname="LAPTOP-5KMFOFH9" failures="0" tests="1" name="com.APIScenarios.Serialization_Deserialization" time="0.358" errors="0" timestamp="2025-02-04T20:59:59 IST" skipped="0">
  <testcase classname="com.APIScenarios.Serialization_Deserialization" name="testDeserialization" time="0.358"/>
  <system-out/>
</testsuite> <!-- com.APIScenarios.Serialization_Deserialization -->
