<?xml version="1.0" encoding="UTF-8"?>
<!-- Generated by org.testng.reporters.JUnitReportReporter -->
<testsuite hostname="LAPTOP-5KMFOFH9" failures="0" tests="1" name="com.APIScenarios.Query_PathParameterSetUp" time="2.876" errors="0" timestamp="2025-01-31T22:39:08 IST" skipped="0">
  <testcase classname="com.APIScenarios.Query_PathParameterSetUp" name="f" time="2.876"/>
  <system-out/>
</testsuite> <!-- com.APIScenarios.Query_PathParameterSetUp -->
