<?xml version="1.0" encoding="UTF-8"?>
<!-- Generated by org.testng.reporters.JUnitReportReporter -->
<testsuite hostname="LAPTOP-5KMFOFH9" failures="0" tests="1" name="com.APIScenarios.TestAuthenticationTypes" time="5.193" errors="0" timestamp="2025-02-04T22:01:24 IST" skipped="0">
  <testcase classname="com.APIScenarios.TestAuthenticationTypes" name="oAuth2Test" time="5.193"/>
  <system-out/>
</testsuite> <!-- com.APIScenarios.TestAuthenticationTypes -->
